[temple.cx/index.html]
[backblue.gif]
[fade.gif]
[index.html]
[temple.cx/temple.css]
[temple.cx/bg.jpg]
[temple.cx/Tooltip.png]
[temple.cx/Temple.png]
[temple.cx/bruh1.png]
[temple.cx/bruh2.png]
[temple.cx/bruh3.png]
[temple.cx/index.html]
[temple.cx/temple.css]
[temple.cx/discord/index.html]
[temple.cx/buy/index.html]
[temple.cx/buy/index.html]
[temple.cx/signup/index.html]
[temple.cx/login/index.html]
[temple.cx/tos/index.html]
[temple.cx/signup/index.html]
[temple.cx/login/index.html]
[temple.cx/dash/index.html]
[temple.cx/tos/index.html]
[temple.cx/login.css]
[temple.cx/login.css]
